#
# A fatal error has been detected by the Java Runtime Environment:
#
#  Internal Error (vmThread.cpp:658), pid=32720, tid=0x0000000000002e03
#  fatal error: Nested VM operation CollectForMetadataAllocation requested by operation ChangeBreakpoints
#
# JRE version: Java(TM) SE Runtime Environment (8.0_172-b11) (build 1.8.0_172-b11)
# Java VM: Java HotSpot(TM) 64-Bit Server VM (25.172-b11 mixed mode bsd-amd64 compressed oops)
# Failed to write core dump. Core dumps have been disabled. To enable core dumping, try "ulimit -c unlimited" before starting Java again
#
# If you would like to submit a bug report, please visit:
#   http://bugreport.java.com/bugreport/crash.jsp
#

---------------  T H R E A D  ---------------

Current thread (0x00007fc1d281d800):  VMThread [stack: 0x000070000161f000,0x000070000171f000] [id=11779]

Stack: [0x000070000161f000,0x000070000171f000],  sp=0x000070000171e310,  free space=1020k
Native frames: (J=compiled Java code, j=interpreted, Vv=VM code, C=native code)
V  [libjvm.dylib+0x5b67ca]
V  [libjvm.dylib+0x1e9925]
V  [libjvm.dylib+0x5bd356]
V  [libjvm.dylib+0x1a1fd4]
V  [libjvm.dylib+0x44ccea]
V  [libjvm.dylib+0x456e3e]
V  [libjvm.dylib+0x453b21]
V  [libjvm.dylib+0x455855]
V  [libjvm.dylib+0x4558b2]
V  [libjvm.dylib+0x453d19]
V  [libjvm.dylib+0x39d146]
V  [libjvm.dylib+0x5be449]
V  [libjvm.dylib+0x5bc9e1]
V  [libjvm.dylib+0x5bce2e]
V  [libjvm.dylib+0x5bc74d]
V  [libjvm.dylib+0x48f2f6]
C  [libsystem_pthread.dylib+0x3661]  _pthread_body+0x154
C  [libsystem_pthread.dylib+0x350d]  _pthread_body+0x0
C  [libsystem_pthread.dylib+0x2bf9]  thread_start+0xd

VM_Operation (0x0000700001b2a900): ChangeBreakpoints, mode: safepoint, requested by thread 0x00007fc1d4025000


---------------  P R O C E S S  ---------------

Java Threads: ( => current thread )
  0x00007fc1d3c6b000 JavaThread "Scheduler-1383374333" [_thread_blocked, id=4359, stack(0x0000700002d64000,0x0000700002e64000)]
  0x00007fc1d2ad6000 JavaThread "HashSessionScavenger-0" daemon [_thread_blocked, id=40963, stack(0x0000700002c61000,0x0000700002d61000)]
  0x00007fc1d3062000 JavaThread "qtp1065641737-23" [_thread_blocked, id=41475, stack(0x0000700002b5e000,0x0000700002c5e000)]
  0x00007fc1d3c6a800 JavaThread "qtp1065641737-22" [_thread_blocked, id=23299, stack(0x0000700002a5b000,0x0000700002b5b000)]
  0x00007fc1d446c800 JavaThread "qtp1065641737-21-acceptor-1-ServerConnector@35401d43{HTTP/1.1}{0.0.0.0:4567}" [_thread_in_native, id=23043, stack(0x0000700002958000,0x0000700002a58000)]
  0x00007fc1d3c69800 JavaThread "qtp1065641737-20-acceptor-0-ServerConnector@35401d43{HTTP/1.1}{0.0.0.0:4567}" [_thread_blocked, id=22787, stack(0x0000700002855000,0x0000700002955000)]
  0x00007fc1d305d000 JavaThread "qtp1065641737-19-selector-3" [_thread_in_native, id=22531, stack(0x0000700002752000,0x0000700002852000)]
  0x00007fc1d446b800 JavaThread "qtp1065641737-18-selector-2" [_thread_in_native, id=22275, stack(0x000070000264f000,0x000070000274f000)]
  0x00007fc1d403a000 JavaThread "qtp1065641737-17-selector-1" [_thread_in_native, id=43011, stack(0x000070000254c000,0x000070000264c000)]
  0x00007fc1d3c69000 JavaThread "qtp1065641737-16-selector-0" [_thread_in_native, id=22019, stack(0x0000700002449000,0x0000700002549000)]
  0x00007fc1d3c5e000 JavaThread "DateCache" daemon [_thread_blocked, id=16387, stack(0x0000700002346000,0x0000700002446000)]
  0x00007fc1d2d38000 JavaThread "DestroyJavaVM" [_thread_blocked, id=6659, stack(0x0000700001110000,0x0000700001210000)]
  0x00007fc1d3c78800 JavaThread "Thread-0" [_thread_blocked, id=16131, stack(0x0000700002243000,0x0000700002343000)]
  0x00007fc1d4033800 JavaThread "Service Thread" daemon [_thread_blocked, id=15363, stack(0x000070000203d000,0x000070000213d000)]
  0x00007fc1d28b3800 JavaThread "C1 CompilerThread2" daemon [_thread_blocked, id=15107, stack(0x0000700001f3a000,0x000070000203a000)]
  0x00007fc1d2834800 JavaThread "C2 CompilerThread1" daemon [_thread_blocked, id=17411, stack(0x0000700001e37000,0x0000700001f37000)]
  0x00007fc1d30ce000 JavaThread "C2 CompilerThread0" daemon [_thread_blocked, id=14339, stack(0x0000700001d34000,0x0000700001e34000)]
  0x00007fc1d3802000 JavaThread "JDWP Command Reader" daemon [_thread_in_native, id=17923, stack(0x0000700001c31000,0x0000700001d31000)]
  0x00007fc1d3014000 JavaThread "JDWP Event Helper Thread" daemon [_thread_blocked, id=18179, stack(0x0000700001b2e000,0x0000700001c2e000)]
  0x00007fc1d4025000 JavaThread "JDWP Transport Listener: dt_socket" daemon [_thread_blocked, id=13831, stack(0x0000700001a2b000,0x0000700001b2b000)]
  0x00007fc1d4006800 JavaThread "Signal Dispatcher" daemon [_thread_blocked, id=18947, stack(0x0000700001928000,0x0000700001a28000)]
  0x00007fc1d281e000 JavaThread "Finalizer" daemon [_thread_blocked, id=12291, stack(0x0000700001825000,0x0000700001925000)]
  0x00007fc1d3011800 JavaThread "Reference Handler" daemon [_thread_blocked, id=21507, stack(0x0000700001722000,0x0000700001822000)]

Other Threads:
=>0x00007fc1d281d800 VMThread [stack: 0x000070000161f000,0x000070000171f000] [id=11779]
  0x00007fc1d3845800 WatcherThread [stack: 0x0000700002140000,0x0000700002240000] [id=15619]

VM state:at safepoint (normal execution)

VM Mutex/Monitor currently owned by a thread:  ([mutex/lock_event])
[0x00007fc1d2502550] Threads_lock - owner thread: 0x00007fc1d281d800

Heap:
 PSYoungGen      total 38400K, used 20077K [0x0000000795580000, 0x0000000798000000, 0x00000007c0000000)
  eden space 33280K, 45% used [0x0000000795580000,0x0000000796423248,0x0000000797600000)
  from space 5120K, 99% used [0x0000000797600000,0x0000000797af8420,0x0000000797b00000)
  to   space 5120K, 0% used [0x0000000797b00000,0x0000000797b00000,0x0000000798000000)
 ParOldGen       total 87552K, used 4421K [0x0000000740000000, 0x0000000745580000, 0x0000000795580000)
  object space 87552K, 5% used [0x0000000740000000,0x0000000740451420,0x0000000745580000)
 Metaspace       used 20845K, capacity 21076K, committed 21296K, reserved 1069056K
  class space    used 2495K, capacity 2616K, committed 2688K, reserved 1048576K

Card table byte_map: [0x000000010f4aa000,0x000000010f8ab000] byte_map_base: 0x000000010baaa000

Marking Bits: (ParMarkBitMap*) 0x000000010e8faae0
 Begin Bits: [0x000000011febe000, 0x0000000121ebe000)
 End Bits:   [0x0000000121ebe000, 0x0000000123ebe000)

Polling page: 0x000000010d7fa000

CodeCache: size=245760Kb used=5170Kb max_used=5170Kb free=240589Kb
 bounds [0x0000000110ebe000, 0x00000001113de000, 0x000000011febe000]
 total_blobs=2004 nmethods=1584 adapters=341
 compilation: enabled

Compilation events (10 events):
Event: 15.247 Thread 0x00007fc1d28b3800 1582       3       org.hibernate.type.AbstractStandardBasicType::nullSafeGet (10 bytes)
Event: 15.248 Thread 0x00007fc1d28b3800 nmethod 1582 0x00000001113c95d0 code [0x00000001113c9780, 0x00000001113c9df8]
Event: 15.249 Thread 0x00007fc1d28b3800 1583       3       org.postgresql.jdbc.PgConnection::isClosed (10 bytes)
Event: 15.250 Thread 0x00007fc1d28b3800 nmethod 1583 0x00000001113c9150 code [0x00000001113c92c0, 0x00000001113c94f0]
Event: 15.250 Thread 0x00007fc1d28b3800 1584       3       java.io.PrintStream::print (13 bytes)
Event: 15.250 Thread 0x00007fc1d28b3800 nmethod 1584 0x00000001113c8d50 code [0x00000001113c8ec0, 0x00000001113c90a8]
Event: 15.250 Thread 0x00007fc1d28b3800 1585   !   3       java.io.PrintStream::write (83 bytes)
Event: 15.251 Thread 0x00007fc1d28b3800 nmethod 1585 0x00000001113cb750 code [0x00000001113cb980, 0x00000001113cc5e8]
Event: 15.251 Thread 0x00007fc1d28b3800 1586   !   3       java.io.PrintStream::newLine (73 bytes)
Event: 15.252 Thread 0x00007fc1d28b3800 nmethod 1586 0x00000001113ccd90 code [0x00000001113ccfa0, 0x00000001113cda78]

GC Heap History (6 events):
Event: 1.919 GC heap before
{Heap before GC invocations=1 (full 0):
 PSYoungGen      total 38400K, used 33280K [0x0000000795580000, 0x0000000798000000, 0x00000007c0000000)
  eden space 33280K, 100% used [0x0000000795580000,0x0000000797600000,0x0000000797600000)
  from space 5120K, 0% used [0x0000000797b00000,0x0000000797b00000,0x0000000798000000)
  to   space 5120K, 0% used [0x0000000797600000,0x0000000797600000,0x0000000797b00000)
 ParOldGen       total 87552K, used 0K [0x0000000740000000, 0x0000000745580000, 0x0000000795580000)
  object space 87552K, 0% used [0x0000000740000000,0x0000000740000000,0x0000000745580000)
 Metaspace       used 9689K, capacity 9776K, committed 9984K, reserved 1058816K
  class space    used 1189K, capacity 1232K, committed 1280K, reserved 1048576K
Event: 1.936 GC heap after
Heap after GC invocations=1 (full 0):
 PSYoungGen      total 38400K, used 4705K [0x0000000795580000, 0x0000000798000000, 0x00000007c0000000)
  eden space 33280K, 0% used [0x0000000795580000,0x0000000795580000,0x0000000797600000)
  from space 5120K, 91% used [0x0000000797600000,0x0000000797a98460,0x0000000797b00000)
  to   space 5120K, 0% used [0x0000000797b00000,0x0000000797b00000,0x0000000798000000)
 ParOldGen       total 87552K, used 72K [0x0000000740000000, 0x0000000745580000, 0x0000000795580000)
  object space 87552K, 0% used [0x0000000740000000,0x0000000740012010,0x0000000745580000)
 Metaspace       used 9689K, capacity 9776K, committed 9984K, reserved 1058816K
  class space    used 1189K, capacity 1232K, committed 1280K, reserved 1048576K
}
Event: 3.503 GC heap before
{Heap before GC invocations=2 (full 0):
 PSYoungGen      total 38400K, used 37985K [0x0000000795580000, 0x0000000798000000, 0x00000007c0000000)
  eden space 33280K, 100% used [0x0000000795580000,0x0000000797600000,0x0000000797600000)
  from space 5120K, 91% used [0x0000000797600000,0x0000000797a98460,0x0000000797b00000)
  to   space 5120K, 0% used [0x0000000797b00000,0x0000000797b00000,0x0000000798000000)
 ParOldGen       total 87552K, used 72K [0x0000000740000000, 0x0000000745580000, 0x0000000795580000)
  object space 87552K, 0% used [0x0000000740000000,0x0000000740012010,0x0000000745580000)
 Metaspace       used 15599K, capacity 15752K, committed 15872K, reserved 1062912K
  class space    used 1874K, capacity 1934K, committed 2048K, reserved 1048576K
Event: 3.529 GC heap after
Heap after GC invocations=2 (full 0):
 PSYoungGen      total 38400K, used 5098K [0x0000000795580000, 0x000000079a080000, 0x00000007c0000000)
  eden space 33280K, 0% used [0x0000000795580000,0x0000000795580000,0x0000000797600000)
  from space 5120K, 99% used [0x0000000797b00000,0x0000000797ffa9d8,0x0000000798000000)
  to   space 5120K, 0% used [0x0000000797600000,0x0000000797600000,0x0000000797b00000)
 ParOldGen       total 87552K, used 796K [0x0000000740000000, 0x0000000745580000, 0x0000000795580000)
  object space 87552K, 0% used [0x0000000740000000,0x00000007400c7188,0x0000000745580000)
 Metaspace       used 15599K, capacity 15752K, committed 15872K, reserved 1062912K
  class space    used 1874K, capacity 1934K, committed 2048K, reserved 1048576K
}
Event: 10.175 GC heap before
{Heap before GC invocations=3 (full 0):
 PSYoungGen      total 38400K, used 38378K [0x0000000795580000, 0x000000079a080000, 0x00000007c0000000)
  eden space 33280K, 100% used [0x0000000795580000,0x0000000797600000,0x0000000797600000)
  from space 5120K, 99% used [0x0000000797b00000,0x0000000797ffa9d8,0x0000000798000000)
  to   space 5120K, 0% used [0x0000000797600000,0x0000000797600000,0x0000000797b00000)
 ParOldGen       total 87552K, used 796K [0x0000000740000000, 0x0000000745580000, 0x0000000795580000)
  object space 87552K, 0% used [0x0000000740000000,0x00000007400c7188,0x0000000745580000)
 Metaspace       used 20674K, capacity 20904K, committed 21120K, reserved 1067008K
  class space    used 2480K, capacity 2582K, committed 2688K, reserved 1048576K
Event: 10.210 GC heap after
Heap after GC invocations=3 (full 0):
 PSYoungGen      total 38400K, used 5089K [0x0000000795580000, 0x0000000798000000, 0x00000007c0000000)
  eden space 33280K, 0% used [0x0000000795580000,0x0000000795580000,0x0000000797600000)
  from space 5120K, 99% used [0x0000000797600000,0x0000000797af8420,0x0000000797b00000)
  to   space 5120K, 0% used [0x0000000797b00000,0x0000000797b00000,0x0000000798000000)
 ParOldGen       total 87552K, used 4421K [0x0000000740000000, 0x0000000745580000, 0x0000000795580000)
  object space 87552K, 5% used [0x0000000740000000,0x0000000740451420,0x0000000745580000)
 Metaspace       used 20674K, capacity 20904K, committed 21120K, reserved 1067008K
  class space    used 2480K, capacity 2582K, committed 2688K, reserved 1048576K
}

Deoptimization events (10 events):
Event: 1.899 Thread 0x00007fc1d3003000 Uncommon trap: reason=unstable_if action=reinterpret pc=0x000000011106cdd8 method=java.lang.String.replace(CC)Ljava/lang/String; @ 26
Event: 2.373 Thread 0x00007fc1d3003000 Uncommon trap: reason=unstable_if action=reinterpret pc=0x0000000111138644 method=java.util.HashMap.hash(Ljava/lang/Object;)I @ 1
Event: 2.756 Thread 0x00007fc1d3003000 Uncommon trap: reason=bimorphic action=maybe_recompile pc=0x00000001111d6efc method=java.util.HashMap.putVal(ILjava/lang/Object;Ljava/lang/Object;ZZ)Ljava/lang/Object; @ 203
Event: 2.756 Thread 0x00007fc1d3003000 Uncommon trap: reason=bimorphic action=maybe_recompile pc=0x00000001111d6efc method=java.util.HashMap.putVal(ILjava/lang/Object;Ljava/lang/Object;ZZ)Ljava/lang/Object; @ 203
Event: 2.758 Thread 0x00007fc1d3003000 Uncommon trap: reason=bimorphic action=maybe_recompile pc=0x00000001111d6efc method=java.util.HashMap.putVal(ILjava/lang/Object;Ljava/lang/Object;ZZ)Ljava/lang/Object; @ 203
Event: 2.758 Thread 0x00007fc1d3003000 Uncommon trap: reason=bimorphic action=maybe_recompile pc=0x00000001111d6efc method=java.util.HashMap.putVal(ILjava/lang/Object;Ljava/lang/Object;ZZ)Ljava/lang/Object; @ 203
Event: 3.618 Thread 0x00007fc1d3c78800 Uncommon trap: reason=unstable_if action=reinterpret pc=0x000000011121dd58 method=java.util.HashMap.putVal(ILjava/lang/Object;Ljava/lang/Object;ZZ)Ljava/lang/Object; @ 236
Event: 3.664 Thread 0x00007fc1d3c78800 Uncommon trap: reason=unstable_if action=reinterpret pc=0x000000011101b68c method=java.lang.String.startsWith(Ljava/lang/String;I)Z @ 25
Event: 3.747 Thread 0x00007fc1d3c78800 Uncommon trap: reason=unstable_if action=reinterpret pc=0x00000001111e24b0 method=java.lang.ClassLoader.checkName(Ljava/lang/String;)Z @ 20
Event: 11.557 Thread 0x00007fc1d3062000 Uncommon trap: reason=unstable_if action=reinterpret pc=0x0000000111377384 method=sun.net.www.protocol.jar.Handler.parseURL(Ljava/net/URL;Ljava/lang/String;II)V @ 94

Classes redefined (0 events):
No events

Internal exceptions (10 events):
Event: 3.466 Thread 0x00007fc1d3003000 Exception <a 'java/lang/NoSuchFieldError': method resolution failed> (0x00000007975e37f8) thrown at [/Users/java_re/workspace/8-2-build-macosx-x86_64/jdk8u172/10810/hotspot/src/share/vm/prims/methodHandles.cpp, line 1167]
Event: 3.497 Thread 0x00007fc1d3003000 Exception <a 'java/lang/NoSuchFieldError': method resolution failed> (0x00000007975f1388) thrown at [/Users/java_re/workspace/8-2-build-macosx-x86_64/jdk8u172/10810/hotspot/src/share/vm/prims/methodHandles.cpp, line 1167]
Event: 9.983 Thread 0x00007fc1d3c6a800 Exception <a 'java/lang/NoClassDefFoundError': org/apache/log/format/Formatter> (0x0000000796cc3868) thrown at [/Users/java_re/workspace/8-2-build-macosx-x86_64/jdk8u172/10810/hotspot/src/share/vm/classfile/systemDictionary.cpp, line 199]
Event: 9.985 Thread 0x00007fc1d3c6a800 Exception <a 'java/lang/NoClassDefFoundError': org/apache/log4j/Layout> (0x0000000796cd6060) thrown at [/Users/java_re/workspace/8-2-build-macosx-x86_64/jdk8u172/10810/hotspot/src/share/vm/classfile/systemDictionary.cpp, line 199]
Event: 11.509 Thread 0x00007fc1d3c6a800 Exception <a 'java/lang/NoClassDefFoundError': org/apache/log/format/Formatter> (0x00000007958389e0) thrown at [/Users/java_re/workspace/8-2-build-macosx-x86_64/jdk8u172/10810/hotspot/src/share/vm/classfile/systemDictionary.cpp, line 199]
Event: 11.509 Thread 0x00007fc1d3c6a800 Exception <a 'java/lang/NoClassDefFoundError': org/apache/log4j/Layout> (0x000000079583e330) thrown at [/Users/java_re/workspace/8-2-build-macosx-x86_64/jdk8u172/10810/hotspot/src/share/vm/classfile/systemDictionary.cpp, line 199]
Event: 13.045 Thread 0x00007fc1d3c6a800 Exception <a 'java/lang/IllegalArgumentException'> (0x0000000795a9f278) thrown at [/Users/java_re/workspace/8-2-build-macosx-x86_64/jdk8u172/10810/hotspot/src/share/vm/runtime/reflection.cpp, line 102]
Event: 13.048 Thread 0x00007fc1d3c6a800 Exception <a 'java/lang/NoClassDefFoundError': org/apache/log/format/Formatter> (0x0000000795d136f0) thrown at [/Users/java_re/workspace/8-2-build-macosx-x86_64/jdk8u172/10810/hotspot/src/share/vm/classfile/systemDictionary.cpp, line 199]
Event: 13.048 Thread 0x00007fc1d3c6a800 Exception <a 'java/lang/NoClassDefFoundError': org/apache/log4j/Layout> (0x0000000795d19040) thrown at [/Users/java_re/workspace/8-2-build-macosx-x86_64/jdk8u172/10810/hotspot/src/share/vm/classfile/systemDictionary.cpp, line 199]
Event: 15.249 Thread 0x00007fc1d3062000 Exception <a 'java/lang/IllegalArgumentException'> (0x0000000796406878) thrown at [/Users/java_re/workspace/8-2-build-macosx-x86_64/jdk8u172/10810/hotspot/src/share/vm/runtime/reflection.cpp, line 102]

Events (10 events):
Event: 15.249 Thread 0x00007fc1d3062000 DEOPT UNPACKING pc=0x0000000110f05784 sp=0x0000700002c5c5e8 mode 1
Event: 15.251 loading class db/DBBooking
Event: 15.251 loading class db/DBBooking done
Event: 15.251 Thread 0x00007fc1d3062000 DEOPT PACKING pc=0x000000011107a8b1 sp=0x0000700002c5baf0
Event: 15.251 Thread 0x00007fc1d3062000 DEOPT UNPACKING pc=0x0000000110f05784 sp=0x0000700002c5b860 mode 1
Event: 15.251 Thread 0x00007fc1d3062000 DEOPT PACKING pc=0x0000000111021914 sp=0x0000700002c5bb70
Event: 15.251 Thread 0x00007fc1d3062000 DEOPT UNPACKING pc=0x0000000110f05784 sp=0x0000700002c5b9b0 mode 1
Event: 15.251 Thread 0x00007fc1d3062000 DEOPT PACKING pc=0x00000001110216b4 sp=0x0000700002c5bd00
Event: 15.251 Thread 0x00007fc1d3062000 DEOPT UNPACKING pc=0x0000000110f05784 sp=0x0000700002c5bb40 mode 1
Event: 15.255 Executing VM operation: ChangeBreakpoints


Dynamic libraries:
0x00007fff42795000 	/System/Library/Frameworks/Cocoa.framework/Versions/A/Cocoa
0x00007fff4eda2000 	/System/Library/Frameworks/Security.framework/Versions/A/Security
0x00007fff413d8000 	/System/Library/Frameworks/ApplicationServices.framework/Versions/A/ApplicationServices
0x00007fff6abcb000 	/usr/lib/libz.1.dylib
0x00007fff68afd000 	/usr/lib/libSystem.B.dylib
0x00007fff6a1b5000 	/usr/lib/libobjc.A.dylib
0x00007fff42f4c000 	/System/Library/Frameworks/CoreFoundation.framework/Versions/A/CoreFoundation
0x00007fff450ad000 	/System/Library/Frameworks/Foundation.framework/Versions/C/Foundation
0x00007fff40528000 	/System/Library/Frameworks/AppKit.framework/Versions/C/AppKit
0x00007fff42b0d000 	/System/Library/Frameworks/CoreData.framework/Versions/A/CoreData
0x00007fff62447000 	/System/Library/PrivateFrameworks/RemoteViewServices.framework/Versions/A/RemoteViewServices
0x00007fff66ba2000 	/System/Library/PrivateFrameworks/UIFoundation.framework/Versions/A/UIFoundation
0x00007fff57258000 	/System/Library/PrivateFrameworks/DFRFoundation.framework/Versions/A/DFRFoundation
0x00007fff47717000 	/System/Library/Frameworks/Metal.framework/Versions/A/Metal
0x00007fff573f5000 	/System/Library/PrivateFrameworks/DesktopServicesPriv.framework/Versions/A/DesktopServicesPriv
0x00007fff69703000 	/usr/lib/libenergytrace.dylib
0x00007fff64c0e000 	/System/Library/PrivateFrameworks/SkyLight.framework/Versions/A/SkyLight
0x00007fff433ef000 	/System/Library/Frameworks/CoreGraphics.framework/Versions/A/CoreGraphics
0x00007fff68af8000 	/usr/lib/libScreenReader.dylib
0x00007fff3f4c3000 	/System/Library/Frameworks/Accelerate.framework/Versions/A/Accelerate
0x00007fff45826000 	/System/Library/Frameworks/IOSurface.framework/Versions/A/IOSurface
0x00007fff41922000 	/System/Library/Frameworks/AudioToolbox.framework/Versions/A/AudioToolbox
0x00007fff41bb1000 	/System/Library/Frameworks/AudioUnit.framework/Versions/A/AudioUnit
0x00007fff572f0000 	/System/Library/PrivateFrameworks/DataDetectorsCore.framework/Versions/A/DataDetectorsCore
0x00007fff42288000 	/System/Library/Frameworks/Carbon.framework/Versions/A/Frameworks/HIToolbox.framework/Versions/A/HIToolbox
0x00007fff6985d000 	/usr/lib/libicucore.A.dylib
0x00007fff4e322000 	/System/Library/Frameworks/QuartzCore.framework/Versions/A/QuartzCore
0x00007fff63ec4000 	/System/Library/PrivateFrameworks/SignpostNotification.framework/Versions/A/SignpostNotification
0x00007fff4266e000 	/System/Library/Frameworks/Carbon.framework/Versions/A/Frameworks/SpeechRecognition.framework/Versions/A/SpeechRecognition
0x00007fff68c59000 	/usr/lib/libauto.dylib
0x00007fff6aaba000 	/usr/lib/libxml2.2.dylib
0x00007fff56ea9000 	/System/Library/PrivateFrameworks/CoreUI.framework/Versions/A/CoreUI
0x00007fff429e9000 	/System/Library/Frameworks/CoreAudio.framework/Versions/A/CoreAudio
0x00007fff44ee7000 	/System/Library/Frameworks/DiskArbitration.framework/Versions/A/DiskArbitration
0x00007fff69ad1000 	/usr/lib/liblangid.dylib
0x00007fff5e950000 	/System/Library/PrivateFrameworks/MultitouchSupport.framework/Versions/A/MultitouchSupport
0x00007fff45789000 	/System/Library/Frameworks/IOKit.framework/Versions/A/IOKit
0x00007fff68787000 	/usr/lib/libDiagnosticMessagesClient.dylib
0x00007fff440c5000 	/System/Library/Frameworks/CoreServices.framework/Versions/A/CoreServices
0x00007fff60480000 	/System/Library/PrivateFrameworks/PerformanceAnalysis.framework/Versions/A/PerformanceAnalysis
0x00007fff4d4c4000 	/System/Library/Frameworks/OpenGL.framework/Versions/A/OpenGL
0x00007fff427a3000 	/System/Library/Frameworks/ColorSync.framework/Versions/A/ColorSync
0x00007fff43a01000 	/System/Library/Frameworks/CoreImage.framework/Versions/A/CoreImage
0x00007fff44a55000 	/System/Library/Frameworks/CoreText.framework/Versions/A/CoreText
0x00007fff45884000 	/System/Library/Frameworks/ImageIO.framework/Versions/A/ImageIO
0x00007fff53ba7000 	/System/Library/PrivateFrameworks/Backup.framework/Versions/A/Backup
0x00007fff68ba9000 	/usr/lib/libarchive.2.dylib
0x00007fff41ed4000 	/System/Library/Frameworks/CFNetwork.framework/Versions/A/CFNetwork
0x00007fff4f533000 	/System/Library/Frameworks/SystemConfiguration.framework/Versions/A/SystemConfiguration
0x00007fff686b0000 	/usr/lib/libCRFSuite.dylib
0x00007fff68d32000 	/usr/lib/libc++.1.dylib
0x00007fff68d89000 	/usr/lib/libc++abi.dylib
0x00007fff6ac79000 	/usr/lib/system/libcache.dylib
0x00007fff6ac7e000 	/usr/lib/system/libcommonCrypto.dylib
0x00007fff6ac89000 	/usr/lib/system/libcompiler_rt.dylib
0x00007fff6ac91000 	/usr/lib/system/libcopyfile.dylib
0x00007fff6ac9b000 	/usr/lib/system/libcorecrypto.dylib
0x00007fff6ada8000 	/usr/lib/system/libdispatch.dylib
0x00007fff6ade2000 	/usr/lib/system/libdyld.dylib
0x00007fff6ae00000 	/usr/lib/system/libkeymgr.dylib
0x00007fff6ae0e000 	/usr/lib/system/liblaunch.dylib
0x00007fff6ae0f000 	/usr/lib/system/libmacho.dylib
0x00007fff6ae14000 	/usr/lib/system/libquarantine.dylib
0x00007fff6ae17000 	/usr/lib/system/libremovefile.dylib
0x00007fff6ae19000 	/usr/lib/system/libsystem_asl.dylib
0x00007fff6ae31000 	/usr/lib/system/libsystem_blocks.dylib
0x00007fff6ae32000 	/usr/lib/system/libsystem_c.dylib
0x00007fff6aebc000 	/usr/lib/system/libsystem_configuration.dylib
0x00007fff6aec0000 	/usr/lib/system/libsystem_coreservices.dylib
0x00007fff6aec4000 	/usr/lib/system/libsystem_darwin.dylib
0x00007fff6aec6000 	/usr/lib/system/libsystem_dnssd.dylib
0x00007fff6aecd000 	/usr/lib/system/libsystem_info.dylib
0x00007fff6af3e000 	/usr/lib/system/libsystem_m.dylib
0x00007fff6af8a000 	/usr/lib/system/libsystem_malloc.dylib
0x00007fff6afaa000 	/usr/lib/system/libsystem_network.dylib
0x00007fff6b0db000 	/usr/lib/system/libsystem_networkextension.dylib
0x00007fff6b0e6000 	/usr/lib/system/libsystem_notify.dylib
0x00007fff6b104000 	/usr/lib/system/libsystem_sandbox.dylib
0x00007fff6b108000 	/usr/lib/system/libsystem_secinit.dylib
0x00007fff6af17000 	/usr/lib/system/libsystem_kernel.dylib
0x00007fff6b0f0000 	/usr/lib/system/libsystem_platform.dylib
0x00007fff6b0f8000 	/usr/lib/system/libsystem_pthread.dylib
0x00007fff6b10a000 	/usr/lib/system/libsystem_symptoms.dylib
0x00007fff6b112000 	/usr/lib/system/libsystem_trace.dylib
0x00007fff6b127000 	/usr/lib/system/libunwind.dylib
0x00007fff6b12d000 	/usr/lib/system/libxpc.dylib
0x00007fff685c3000 	/usr/lib/closure/libclosured.dylib
0x00007fff68d13000 	/usr/lib/libbsm.0.dylib
0x00007fff6ae01000 	/usr/lib/system/libkxld.dylib
0x00007fff689c1000 	/usr/lib/libOpenScriptingUtil.dylib
0x00007fff69082000 	/usr/lib/libcoretls.dylib
0x00007fff6909b000 	/usr/lib/libcoretls_cfhelpers.dylib
0x00007fff6a5b6000 	/usr/lib/libpam.2.dylib
0x00007fff6a6dd000 	/usr/lib/libsqlite3.dylib
0x00007fff6aaa9000 	/usr/lib/libxar.1.dylib
0x00007fff68d24000 	/usr/lib/libbz2.1.0.dylib
0x00007fff69ad3000 	/usr/lib/liblzma.5.dylib
0x00007fff69fb4000 	/usr/lib/libnetwork.dylib
0x00007fff68b92000 	/usr/lib/libapple_nghttp2.dylib
0x00007fff6a5bd000 	/usr/lib/libpcap.A.dylib
0x00007fff68c5a000 	/usr/lib/libboringssl.dylib
0x00007fff6aa44000 	/usr/lib/libusrtcp.dylib
0x00007fff68b91000 	/usr/lib/libapple_crypto.dylib
0x00007fff44448000 	/System/Library/Frameworks/CoreServices.framework/Versions/A/Frameworks/FSEvents.framework/Versions/A/FSEvents
0x00007fff4413b000 	/System/Library/Frameworks/CoreServices.framework/Versions/A/Frameworks/CarbonCore.framework/Versions/A/CarbonCore
0x00007fff4460f000 	/System/Library/Frameworks/CoreServices.framework/Versions/A/Frameworks/Metadata.framework/Versions/A/Metadata
0x00007fff446c0000 	/System/Library/Frameworks/CoreServices.framework/Versions/A/Frameworks/OSServices.framework/Versions/A/OSServices
0x00007fff44721000 	/System/Library/Frameworks/CoreServices.framework/Versions/A/Frameworks/SearchKit.framework/Versions/A/SearchKit
0x00007fff440c6000 	/System/Library/Frameworks/CoreServices.framework/Versions/A/Frameworks/AE.framework/Versions/A/AE
0x00007fff44451000 	/System/Library/Frameworks/CoreServices.framework/Versions/A/Frameworks/LaunchServices.framework/Versions/A/LaunchServices
0x00007fff44413000 	/System/Library/Frameworks/CoreServices.framework/Versions/A/Frameworks/DictionaryServices.framework/Versions/A/DictionaryServices
0x00007fff44790000 	/System/Library/Frameworks/CoreServices.framework/Versions/A/Frameworks/SharedFileList.framework/Versions/A/SharedFileList
0x00007fff4894d000 	/System/Library/Frameworks/NetFS.framework/Versions/A/NetFS
0x00007fff5ebe1000 	/System/Library/PrivateFrameworks/NetAuth.framework/Versions/A/NetAuth
0x00007fff6845a000 	/System/Library/PrivateFrameworks/login.framework/Versions/A/Frameworks/loginsupport.framework/Versions/A/loginsupport
0x00007fff6681f000 	/System/Library/PrivateFrameworks/TCC.framework/Versions/A/TCC
0x00007fff69bb4000 	/usr/lib/libmecabra.dylib
0x00007fff413d9000 	/System/Library/Frameworks/ApplicationServices.framework/Versions/A/Frameworks/ATS.framework/Versions/A/ATS
0x00007fff41787000 	/System/Library/Frameworks/ApplicationServices.framework/Versions/A/Frameworks/ColorSyncLegacy.framework/Versions/A/ColorSyncLegacy
0x00007fff4182b000 	/System/Library/Frameworks/ApplicationServices.framework/Versions/A/Frameworks/HIServices.framework/Versions/A/HIServices
0x00007fff4187e000 	/System/Library/Frameworks/ApplicationServices.framework/Versions/A/Frameworks/LangAnalysis.framework/Versions/A/LangAnalysis
0x00007fff4188d000 	/System/Library/Frameworks/ApplicationServices.framework/Versions/A/Frameworks/PrintCore.framework/Versions/A/PrintCore
0x00007fff418da000 	/System/Library/Frameworks/ApplicationServices.framework/Versions/A/Frameworks/QD.framework/Versions/A/QD
0x00007fff41915000 	/System/Library/Frameworks/ApplicationServices.framework/Versions/A/Frameworks/SpeechSynthesis.framework/Versions/A/SpeechSynthesis
0x00007fff42e64000 	/System/Library/Frameworks/CoreDisplay.framework/Versions/A/CoreDisplay
0x00007fff3f4db000 	/System/Library/Frameworks/Accelerate.framework/Versions/A/Frameworks/vImage.framework/Versions/A/vImage
0x00007fff40235000 	/System/Library/Frameworks/Accelerate.framework/Versions/A/Frameworks/vecLib.framework/Versions/A/vecLib
0x00007fff3ffd5000 	/System/Library/Frameworks/Accelerate.framework/Versions/A/Frameworks/vecLib.framework/Versions/A/libvDSP.dylib
0x00007fff3fb35000 	/System/Library/Frameworks/Accelerate.framework/Versions/A/Frameworks/vecLib.framework/Versions/A/libBNNS.dylib
0x00007fff3ff3a000 	/System/Library/Frameworks/Accelerate.framework/Versions/A/Frameworks/vecLib.framework/Versions/A/libQuadrature.dylib
0x00007fff40183000 	/System/Library/Frameworks/Accelerate.framework/Versions/A/Frameworks/vecLib.framework/Versions/A/libvMisc.dylib
0x00007fff3fb64000 	/System/Library/Frameworks/Accelerate.framework/Versions/A/Frameworks/vecLib.framework/Versions/A/libLAPACK.dylib
0x00007fff3f9da000 	/System/Library/Frameworks/Accelerate.framework/Versions/A/Frameworks/vecLib.framework/Versions/A/libBLAS.dylib
0x00007fff3ff24000 	/System/Library/Frameworks/Accelerate.framework/Versions/A/Frameworks/vecLib.framework/Versions/A/libLinearAlgebra.dylib
0x00007fff3ff40000 	/System/Library/Frameworks/Accelerate.framework/Versions/A/Frameworks/vecLib.framework/Versions/A/libSparse.dylib
0x00007fff3ffc1000 	/System/Library/Frameworks/Accelerate.framework/Versions/A/Frameworks/vecLib.framework/Versions/A/libSparseBLAS.dylib
0x00007fff5ba32000 	/System/Library/PrivateFrameworks/GPUWrangler.framework/Versions/A/GPUWrangler
0x00007fff5d1c2000 	/System/Library/PrivateFrameworks/IOAccelerator.framework/Versions/A/IOAccelerator
0x00007fff5d1cd000 	/System/Library/PrivateFrameworks/IOPresentment.framework/Versions/A/IOPresentment
0x00007fff5726a000 	/System/Library/PrivateFrameworks/DSExternalDisplay.framework/Versions/A/DSExternalDisplay
0x00007fff4c944000 	/System/Library/Frameworks/OpenGL.framework/Versions/A/Libraries/libCoreFSCache.dylib
0x00007fff44ba6000 	/System/Library/Frameworks/CoreVideo.framework/Versions/A/CoreVideo
0x00007fff5c7ad000 	/System/Library/PrivateFrameworks/GraphVisualizer.framework/Versions/A/GraphVisualizer
0x00007fff4794e000 	/System/Library/Frameworks/MetalPerformanceShaders.framework/Versions/A/MetalPerformanceShaders
0x00007fff687bf000 	/usr/lib/libFosl_dynamic.dylib
0x00007fff5833c000 	/System/Library/PrivateFrameworks/FaceCore.framework/Versions/A/FaceCore
0x00007fff4b74b000 	/System/Library/Frameworks/OpenCL.framework/Versions/A/OpenCL
0x00007fff68dc0000 	/usr/lib/libcompression.dylib
0x00007fff414d8000 	/System/Library/Frameworks/ApplicationServices.framework/Versions/A/Frameworks/ATS.framework/Versions/A/Resources/libFontParser.dylib
0x00007fff415fb000 	/System/Library/Frameworks/ApplicationServices.framework/Versions/A/Frameworks/ATS.framework/Versions/A/Resources/libFontRegistry.dylib
0x00007fff45aec000 	/System/Library/Frameworks/ImageIO.framework/Versions/A/Resources/libJPEG.dylib
0x00007fff45e15000 	/System/Library/Frameworks/ImageIO.framework/Versions/A/Resources/libTIFF.dylib
0x00007fff45deb000 	/System/Library/Frameworks/ImageIO.framework/Versions/A/Resources/libPng.dylib
0x00007fff459ff000 	/System/Library/Frameworks/ImageIO.framework/Versions/A/Resources/libGIF.dylib
0x00007fff45a04000 	/System/Library/Frameworks/ImageIO.framework/Versions/A/Resources/libJP2.dylib
0x00007fff45e12000 	/System/Library/Frameworks/ImageIO.framework/Versions/A/Resources/libRadiance.dylib
0x00007fff532d2000 	/System/Library/PrivateFrameworks/AppleJPEG.framework/Versions/A/AppleJPEG
0x00007fff477b5000 	/System/Library/Frameworks/MetalPerformanceShaders.framework/Frameworks/MPSCore.framework/Versions/A/MPSCore
0x00007fff477d1000 	/System/Library/Frameworks/MetalPerformanceShaders.framework/Frameworks/MPSImage.framework/Versions/A/MPSImage
0x00007fff47866000 	/System/Library/Frameworks/MetalPerformanceShaders.framework/Frameworks/MPSNeuralNetwork.framework/Versions/A/MPSNeuralNetwork
0x00007fff47841000 	/System/Library/Frameworks/MetalPerformanceShaders.framework/Frameworks/MPSMatrix.framework/Versions/A/MPSMatrix
0x00007fff5e6c2000 	/System/Library/PrivateFrameworks/MetalTools.framework/Versions/A/MetalTools
0x00007fff4cb0e000 	/System/Library/Frameworks/OpenGL.framework/Versions/A/Libraries/libGLU.dylib
0x00007fff4c94f000 	/System/Library/Frameworks/OpenGL.framework/Versions/A/Libraries/libGFXShared.dylib
0x00007fff4c959000 	/System/Library/Frameworks/OpenGL.framework/Versions/A/Libraries/libGL.dylib
0x00007fff4c965000 	/System/Library/Frameworks/OpenGL.framework/Versions/A/Libraries/libGLImage.dylib
0x00007fff4c941000 	/System/Library/Frameworks/OpenGL.framework/Versions/A/Libraries/libCVMSPluginSupport.dylib
0x00007fff4c94a000 	/System/Library/Frameworks/OpenGL.framework/Versions/A/Libraries/libCoreVMClient.dylib
0x00007fff6956d000 	/usr/lib/libcups.2.dylib
0x00007fff46d1d000 	/System/Library/Frameworks/Kerberos.framework/Versions/A/Kerberos
0x00007fff454e3000 	/System/Library/Frameworks/GSS.framework/Versions/A/GSS
0x00007fff6a670000 	/usr/lib/libresolv.9.dylib
0x00007fff6976b000 	/usr/lib/libiconv.2.dylib
0x00007fff5c83f000 	/System/Library/PrivateFrameworks/Heimdal.framework/Versions/A/Heimdal
0x00007fff6973a000 	/usr/lib/libheimdal-asn1.dylib
0x00007fff4b7b7000 	/System/Library/Frameworks/OpenDirectory.framework/Versions/A/OpenDirectory
0x00007fff555e4000 	/System/Library/PrivateFrameworks/CommonAuth.framework/Versions/A/CommonAuth
0x00007fff4b79a000 	/System/Library/Frameworks/OpenDirectory.framework/Versions/A/Frameworks/CFOpenDirectory.framework/Versions/A/CFOpenDirectory
0x00007fff4f0cc000 	/System/Library/Frameworks/SecurityFoundation.framework/Versions/A/SecurityFoundation
0x00007fff5249e000 	/System/Library/PrivateFrameworks/APFS.framework/Versions/A/APFS
0x00007fff6aaa5000 	/usr/lib/libutil.dylib
0x00007fff53355000 	/System/Library/PrivateFrameworks/AppleSauce.framework/Versions/A/AppleSauce
0x00007fff5d9aa000 	/System/Library/PrivateFrameworks/LinguisticData.framework/Versions/A/LinguisticData
0x00007fff69aed000 	/usr/lib/libmarisa.dylib
0x00007fff5d964000 	/System/Library/PrivateFrameworks/Lexicon.framework/Versions/A/Lexicon
0x00007fff686ea000 	/usr/lib/libChineseTokenizer.dylib
0x00007fff68daf000 	/usr/lib/libcmph.dylib
0x00007fff5d86e000 	/System/Library/PrivateFrameworks/LanguageModeling.framework/Versions/A/LanguageModeling
0x00007fff560f0000 	/System/Library/PrivateFrameworks/CoreEmoji.framework/Versions/A/CoreEmoji
0x00007fff4f18a000 	/System/Library/Frameworks/ServiceManagement.framework/Versions/A/ServiceManagement
0x00007fff53b9f000 	/System/Library/PrivateFrameworks/BackgroundTaskManagement.framework/Versions/A/BackgroundTaskManagement
0x00007fff6aba2000 	/usr/lib/libxslt.1.dylib
0x00007fff42598000 	/System/Library/Frameworks/Carbon.framework/Versions/A/Frameworks/Ink.framework/Versions/A/Ink
0x00007fff66a34000 	/System/Library/PrivateFrameworks/TextureIO.framework/Versions/A/TextureIO
0x00007fff68bd4000 	/usr/lib/libate.dylib
0x00007fff571ca000 	/System/Library/PrivateFrameworks/CrashReporterSupport.framework/Versions/A/CrashReporterSupport
0x00007fff63d86000 	/System/Library/PrivateFrameworks/Sharing.framework/Versions/A/Sharing
0x00007fff5d5af000 	/System/Library/PrivateFrameworks/IconServices.framework/Versions/A/IconServices
0x00007fff53157000 	/System/Library/PrivateFrameworks/Apple80211.framework/Versions/A/Apple80211
0x00007fff56fdf000 	/System/Library/PrivateFrameworks/CoreUtils.framework/Versions/A/CoreUtils
0x00007fff44be1000 	/System/Library/Frameworks/CoreWLAN.framework/Versions/A/CoreWLAN
0x00007fff45625000 	/System/Library/Frameworks/IOBluetooth.framework/Versions/A/IOBluetooth
0x00007fff6224e000 	/System/Library/PrivateFrameworks/ProtocolBuffer.framework/Versions/A/ProtocolBuffer
0x00007fff57165000 	/System/Library/PrivateFrameworks/CoreWiFi.framework/Versions/A/CoreWiFi
0x00007fff42ae3000 	/System/Library/Frameworks/CoreBluetooth.framework/Versions/A/CoreBluetooth
0x00007fff573b4000 	/System/Library/PrivateFrameworks/DebugSymbols.framework/Versions/A/DebugSymbols
0x00007fff56d95000 	/System/Library/PrivateFrameworks/CoreSymbolication.framework/Versions/A/CoreSymbolication
0x00007fff66225000 	/System/Library/PrivateFrameworks/Symbolication.framework/Versions/A/Symbolication
0x00007fff53181000 	/System/Library/PrivateFrameworks/AppleFSCompression.framework/Versions/A/AppleFSCompression
0x00007fff65673000 	/System/Library/PrivateFrameworks/SpeechRecognitionCore.framework/Versions/A/SpeechRecognitionCore
0x000000010e000000 	/Library/Java/JavaVirtualMachines/jdk1.8.0_172.jdk/Contents/Home/jre/lib/server/libjvm.dylib
0x00007fff6a972000 	/usr/lib/libstdc++.6.0.9.dylib
0x000000010efb5000 	/Library/Java/JavaVirtualMachines/jdk1.8.0_172.jdk/Contents/Home/jre/lib/libverify.dylib
0x000000010efc3000 	/Library/Java/JavaVirtualMachines/jdk1.8.0_172.jdk/Contents/Home/jre/lib/libjava.dylib
0x000000010eff9000 	/Library/Java/JavaVirtualMachines/jdk1.8.0_172.jdk/Contents/Home/jre/lib/libjdwp.dylib
0x000000010d7fb000 	/Library/Java/JavaVirtualMachines/jdk1.8.0_172.jdk/Contents/Home/jre/lib/libnpt.dylib
0x000000010f044000 	/Library/Java/JavaVirtualMachines/jdk1.8.0_172.jdk/Contents/Home/jre/lib/libinstrument.dylib
0x000000010f0e1000 	/Library/Java/JavaVirtualMachines/jdk1.8.0_172.jdk/Contents/Home/jre/lib/libzip.dylib
0x0000000110e0e000 	/Library/Java/JavaVirtualMachines/jdk1.8.0_172.jdk/Contents/Home/jre/lib/libdt_socket.dylib
0x0000000126759000 	/Library/Java/JavaVirtualMachines/jdk1.8.0_172.jdk/Contents/Home/jre/lib/libnet.dylib
0x00000001267ea000 	/Library/Java/JavaVirtualMachines/jdk1.8.0_172.jdk/Contents/Home/jre/lib/libnio.dylib

VM Arguments:
jvm_args: -agentlib:jdwp=transport=dt_socket,address=127.0.0.1:57562,suspend=y,server=n -javaagent:/Users/user/Library/Caches/IdeaIC2018.1/captureAgent/debugger-agent.jar=file:/private/var/folders/p6/4j0rb1m147gg457kb1kxjy6w0000gn/T/capture.props -Dfile.encoding=UTF-8 
java_command: controllers.MainController
java_class_path (initial): /Library/Java/JavaVirtualMachines/jdk1.8.0_172.jdk/Contents/Home/jre/lib/charsets.jar:/Library/Java/JavaVirtualMachines/jdk1.8.0_172.jdk/Contents/Home/jre/lib/deploy.jar:/Library/Java/JavaVirtualMachines/jdk1.8.0_172.jdk/Contents/Home/jre/lib/ext/cldrdata.jar:/Library/Java/JavaVirtualMachines/jdk1.8.0_172.jdk/Contents/Home/jre/lib/ext/dnsns.jar:/Library/Java/JavaVirtualMachines/jdk1.8.0_172.jdk/Contents/Home/jre/lib/ext/jaccess.jar:/Library/Java/JavaVirtualMachines/jdk1.8.0_172.jdk/Contents/Home/jre/lib/ext/jfxrt.jar:/Library/Java/JavaVirtualMachines/jdk1.8.0_172.jdk/Contents/Home/jre/lib/ext/localedata.jar:/Library/Java/JavaVirtualMachines/jdk1.8.0_172.jdk/Contents/Home/jre/lib/ext/nashorn.jar:/Library/Java/JavaVirtualMachines/jdk1.8.0_172.jdk/Contents/Home/jre/lib/ext/sunec.jar:/Library/Java/JavaVirtualMachines/jdk1.8.0_172.jdk/Contents/Home/jre/lib/ext/sunjce_provider.jar:/Library/Java/JavaVirtualMachines/jdk1.8.0_172.jdk/Contents/Home/jre/lib/ext/sunpkcs11.jar:/Library/Java/JavaVirtualMachines/jdk1.8.0_172.jdk/Contents/Home/jre/lib/ext/zipfs.jar:/Library/Java/JavaVirtualMachines/jdk1.8.0_172.jdk/Contents/Home/jre/lib/javaws.jar:/Library/Java/JavaVirtualMachines/jdk1.8.0_172.jdk/Contents/Home/jre/lib/jce.jar:/Library/Java/JavaVirtualMachines/jdk1.8.0_172.jdk/Contents/Home/jre/lib/jfr.jar:/Library/Java/JavaVirtualMachines/jdk1.8.0_172.jdk/Contents/Home/jre/lib/jfxswt.jar:/Library/Java/JavaVirtualMachines/jdk1.8.0_172.jdk/Contents/Home/jre/lib/jsse.jar:/Library/Java/JavaVirtualMachines/jdk1.8.0_172.jdk/Contents/Home/jre/lib/management-agent.jar:/Library/Java/JavaVirtualMachines/jdk1.8.0_172.jdk/Contents/Home/jre/lib/plugin.jar:/Library/Java/JavaVirtualMachines/jdk1.8.0_172.jdk/Contents/Home/jre/lib/resources.jar:/Library/Java/JavaVirtualMachines/jdk1.8.0_172.jdk/Contents/Home/jre/lib/rt.jar:/Library/Java/JavaVirtualMachines/jdk1.8.0_172.jdk/Contents/Home/lib/ant-javafx.jar:/Library/Java/JavaVirtualMachines/jdk1.8.0_172.jdk/Contents/Home
Launcher Type: SUN_STANDARD

Environment Variables:
CLASSPATH=:/Users/user/junit/junit-4.12.jar:/Users/user/junit/hamcrest-core-1.3.jar
PATH=/Users/user/.bin:/Users/user/.rbenv/shims:/usr/local/bin:/usr/bin:/bin:/usr/sbin:/sbin:/Users/user/junit
SHELL=/bin/zsh

Signal Handlers:
SIGSEGV: [libjvm.dylib+0x5b6fd9], sa_mask[0]=11111111011111110111111111111111, sa_flags=SA_ONSTACK|SA_RESTART|SA_SIGINFO
SIGBUS: [libjvm.dylib+0x5b6fd9], sa_mask[0]=11111111011111110111111111111111, sa_flags=SA_RESTART|SA_SIGINFO
SIGFPE: [libjvm.dylib+0x48c8e8], sa_mask[0]=11111111011111110111111111111111, sa_flags=SA_RESTART|SA_SIGINFO
SIGPIPE: [libjvm.dylib+0x48c8e8], sa_mask[0]=11111111011111110111111111111111, sa_flags=SA_RESTART|SA_SIGINFO
SIGXFSZ: [libjvm.dylib+0x48c8e8], sa_mask[0]=11111111011111110111111111111111, sa_flags=SA_RESTART|SA_SIGINFO
SIGILL: [libjvm.dylib+0x48c8e8], sa_mask[0]=11111111011111110111111111111111, sa_flags=SA_RESTART|SA_SIGINFO
SIGUSR1: SIG_DFL, sa_mask[0]=00000000000000000000000000000000, sa_flags=none
SIGUSR2: [libjvm.dylib+0x48c406], sa_mask[0]=00100000000000000000000000000000, sa_flags=SA_RESTART|SA_SIGINFO
SIGHUP: [libjvm.dylib+0x48a9d1], sa_mask[0]=11111111011111110111111111111111, sa_flags=SA_RESTART|SA_SIGINFO
SIGINT: [libjvm.dylib+0x48a9d1], sa_mask[0]=11111111011111110111111111111111, sa_flags=SA_RESTART|SA_SIGINFO
SIGTERM: [libjvm.dylib+0x48a9d1], sa_mask[0]=11111111011111110111111111111111, sa_flags=SA_RESTART|SA_SIGINFO
SIGQUIT: [libjvm.dylib+0x48a9d1], sa_mask[0]=11111111011111110111111111111111, sa_flags=SA_RESTART|SA_SIGINFO


---------------  S Y S T E M  ---------------

OS:Bsduname:Darwin 17.6.0 Darwin Kernel Version 17.6.0: Tue May  8 15:22:16 PDT 2018; root:xnu-4570.61.1~1/RELEASE_X86_64 x86_64
rlimit: STACK 8192k, CORE 0k, NPROC 709, NOFILE 10240, AS infinity
load average:2.68 2.81 2.83

CPU:total 4 (initial active 4) (2 cores per cpu, 2 threads per core) family 6 model 61 stepping 4, cmov, cx8, fxsr, mmx, sse, sse2, sse3, ssse3, sse4.1, sse4.2, popcnt, avx, avx2, aes, clmul, erms, 3dnowpref, lzcnt, ht, tsc, tscinvbit, bmi1, bmi2, adx

Memory: 4k page, physical 8388608k(26272k free)

/proc/meminfo:


vm_info: Java HotSpot(TM) 64-Bit Server VM (25.172-b11) for bsd-amd64 JRE (1.8.0_172-b11), built on Mar 28 2018 15:38:02 by "java_re" with gcc 4.2.1 (Based on Apple Inc. build 5658) (LLVM build 2336.11.00)

time: Sat Jul 14 17:38:07 2018
elapsed time: 15 seconds (0d 0h 0m 15s)

